Arguments: 
  /home/daniel/.nvm/versions/node/v10.8.0/bin/node /home/daniel/.nvm/versions/node/v10.8.0/bin/yarn add rxjs @types/rxjs

PATH: 
  /home/daniel/.nvm/versions/node/v10.8.0/bin:/usr/local/sbin:/usr/local/bin:/usr/sbin:/usr/bin:/sbin:/bin:/usr/games:/usr/local/games:/snap/bin

Yarn version: 
  1.9.4

Node version: 
  10.8.0

Platform: 
  linux x64

Trace: 
  Error: https://registry.yarnpkg.com/@types%2frxjs: Not found
      at Request.params.callback [as _callback] (/home/daniel/.nvm/versions/node/v10.8.0/lib/node_modules/yarn/lib/cli.js:64202:18)
      at Request.self.callback (/home/daniel/.nvm/versions/node/v10.8.0/lib/node_modules/yarn/lib/cli.js:137468:22)
      at Request.emit (events.js:182:13)
      at Request.<anonymous> (/home/daniel/.nvm/versions/node/v10.8.0/lib/node_modules/yarn/lib/cli.js:138440:10)
      at Request.emit (events.js:182:13)
      at IncomingMessage.<anonymous> (/home/daniel/.nvm/versions/node/v10.8.0/lib/node_modules/yarn/lib/cli.js:138362:12)
      at Object.onceWrapper (events.js:273:13)
      at IncomingMessage.emit (events.js:187:15)
      at endReadableNT (_stream_readable.js:1081:12)
      at process._tickCallback (internal/process/next_tick.js:63:19)

npm manifest: 
  {
    "name": "rxjs-workshop",
    "version": "1.0.0",
    "main": "index.js",
    "license": "MIT"
  }

yarn manifest: 
  No manifest

Lockfile: 
  No lockfile
